<?xml version="1.0" encoding="UTF-8"?>
<testsuite errors="0" failures="0" name="notify.tests.TestApi-20171219113401" skipped="0" tests="10" time="1.298">
	<testcase classname="notify.tests.TestApi" name="test_BaseURL" time="0.078"/>
	<testcase classname="notify.tests.TestApi" name="test_PostBadEmailReq" time="0.031"/>
	<testcase classname="notify.tests.TestApi" name="test_PostBadSMSReq" time="0.000"/>
	<testcase classname="notify.tests.TestApi" name="test_PostEmailReq" time="0.955"/>
	<testcase classname="notify.tests.TestApi" name="test_PostMissingEmailReq" time="0.031"/>
	<testcase classname="notify.tests.TestApi" name="test_PostMissingSMSReq" time="0.000"/>
	<testcase classname="notify.tests.TestApi" name="test_PostSMSReq" time="0.203"/>
	<testcase classname="notify.tests.TestApi" name="test_SwaggerURL" time="0.000"/>
	<testcase classname="notify.tests.TestApi" name="test_badSetApiKey" time="0.000"/>
	<testcase classname="notify.tests.TestApi" name="test_setApiKey" time="0.000"/>
	<system-out>
<![CDATA[]]>	</system-out>
	<system-err>
<![CDATA[]]>	</system-err>
</testsuite>
