<?xml version="1.0" encoding="UTF-8"?>
<testsuite errors="0" failures="0" name="notify.tests.TestApi-20171219104633" skipped="0" tests="10" time="1.805">
	<testcase classname="notify.tests.TestApi" name="test_BaseURL" time="0.094"/>
	<testcase classname="notify.tests.TestApi" name="test_PostBadEmailReq" time="0.000"/>
	<testcase classname="notify.tests.TestApi" name="test_PostBadSMSReq" time="0.000"/>
	<testcase classname="notify.tests.TestApi" name="test_PostEmailReq" time="1.282"/>
	<testcase classname="notify.tests.TestApi" name="test_PostMissingEmailReq" time="0.000"/>
	<testcase classname="notify.tests.TestApi" name="test_PostMissingSMSReq" time="0.000"/>
	<testcase classname="notify.tests.TestApi" name="test_PostSMSReq" time="0.429"/>
	<testcase classname="notify.tests.TestApi" name="test_SwaggerURL" time="0.000"/>
	<testcase classname="notify.tests.TestApi" name="test_badSetApiKey" time="0.000"/>
	<testcase classname="notify.tests.TestApi" name="test_setApiKey" time="0.000"/>
	<system-out>
<![CDATA[]]>	</system-out>
	<system-err>
<![CDATA[]]>	</system-err>
</testsuite>
