<?xml version="1.0" encoding="UTF-8"?>
<testsuite errors="0" failures="0" name="notify.tests.TestApi-20171219123852" skipped="0" tests="10" time="1.467">
	<testcase classname="notify.tests.TestApi" name="test_BaseURL" time="0.088"/>
	<testcase classname="notify.tests.TestApi" name="test_PostBadEmailReq" time="0.030"/>
	<testcase classname="notify.tests.TestApi" name="test_PostBadSMSReq" time="0.015"/>
	<testcase classname="notify.tests.TestApi" name="test_PostEmailReq" time="1.025"/>
	<testcase classname="notify.tests.TestApi" name="test_PostMissingEmailReq" time="0.013"/>
	<testcase classname="notify.tests.TestApi" name="test_PostMissingSMSReq" time="0.014"/>
	<testcase classname="notify.tests.TestApi" name="test_PostSMSReq" time="0.263"/>
	<testcase classname="notify.tests.TestApi" name="test_SwaggerURL" time="0.002"/>
	<testcase classname="notify.tests.TestApi" name="test_badSetApiKey" time="0.014"/>
	<testcase classname="notify.tests.TestApi" name="test_setApiKey" time="0.003"/>
	<system-out>
<![CDATA[]]>	</system-out>
	<system-err>
<![CDATA[]]>	</system-err>
</testsuite>
